[2025-04-07 12:20:04,207] 1025 INFO : HTTP Request: GET https://dagshub.com/api/v1/user "HTTP/1.1 200 OK"
[2025-04-07 12:20:04,211] 107 INFO : Accessing as alanjos3
[2025-04-07 12:20:04,710] 1025 INFO : HTTP Request: GET https://dagshub.com/api/v1/repos/alanjos3/network_security "HTTP/1.1 200 OK"
[2025-04-07 12:20:05,120] 1025 INFO : HTTP Request: GET https://dagshub.com/api/v1/user "HTTP/1.1 200 OK"
[2025-04-07 12:20:05,124] 107 INFO : Initialized MLflow to track repo "alanjos3/network_security"
[2025-04-07 12:20:05,125] 107 INFO : Repository alanjos3/network_security initialized!
[2025-04-07 12:20:05,125] 20 INFO : Initiate the data ingestion
[2025-04-07 12:20:05,369] 34 INFO : Exporting collection: NetworkData from database: Alan to dataframe
[2025-04-07 12:20:14,509] 42 INFO : Exported collection: NetworkData from database: Alan to dataframe
[2025-04-07 12:20:14,540] 64 INFO : Train Test Split Completed
[2025-04-07 12:20:14,570] 72 INFO : Train Test Split files are saved at Artifacts/2025-04-07-12-20-02/Data_Ingestion/Ingested
[2025-04-07 12:20:14,570] 22 INFO : Data Initiation Completed
[2025-04-07 12:20:14,574] 27 INFO : Initiate the data Validation
[2025-04-07 12:20:14,597] 33 INFO : Required number of columns:2
[2025-04-07 12:20:14,597] 34 INFO : Data frame has columns:31
[2025-04-07 12:20:14,597] 84 INFO : Number of columns in train data are same
[2025-04-07 12:20:14,597] 33 INFO : Required number of columns:2
[2025-04-07 12:20:14,597] 34 INFO : Data frame has columns:31
[2025-04-07 12:20:14,597] 87 INFO : Number of columns in test data are not same
[2025-04-07 12:20:14,692] 29 INFO : data Validation Completed
[2025-04-07 12:20:14,692] 33 INFO : data Transformation started
[2025-04-07 12:20:14,693] 50 INFO : Starting data transformation
[2025-04-07 12:20:14,728] 51 INFO : Entered the save_object method of MainUtils class
[2025-04-07 12:20:14,730] 55 INFO : Exited the save_object method of MainUtils class
[2025-04-07 12:20:14,730] 51 INFO : Entered the save_object method of MainUtils class
[2025-04-07 12:20:14,732] 55 INFO : Exited the save_object method of MainUtils class
[2025-04-07 12:20:14,732] 79 INFO : Data transformation completed
[2025-04-07 12:20:14,732] 36 INFO : data Transformation completed
[2025-04-07 12:20:14,732] 39 INFO : Model Training sstared
[2025-04-07 12:21:22,949] 93 INFO : Best model found: Random Forest with accuracy: 0.8992605564962671
[2025-04-07 12:21:22,950] 94 INFO : Train model score: ClassificationMetricArtifact(f1_score=0.9911039223615042, precision_score=0.9877090469474108, recall_score=0.9945222154595252)
[2025-04-07 12:21:35,131] 101 INFO : Test model score: ClassificationMetricArtifact(f1_score=0.9778672032193159, precision_score=0.9665871121718377, recall_score=0.989413680781759)
[2025-04-07 12:21:35,133] 51 INFO : Entered the save_object method of MainUtils class
[2025-04-07 12:21:35,133] 55 INFO : Exited the save_object method of MainUtils class
[2025-04-07 12:21:35,133] 51 INFO : Entered the save_object method of MainUtils class
[2025-04-07 12:21:35,156] 55 INFO : Exited the save_object method of MainUtils class
[2025-04-07 12:21:35,157] 118 INFO : Model trainer artifact: ModelTrainerArtifact(trained_model_file_path='Artifacts/2025-04-07-12-20-02/model_trainer/trained_model/model.pkl', train_metric_artifact=ClassificationMetricArtifact(f1_score=0.9911039223615042, precision_score=0.9877090469474108, recall_score=0.9945222154595252), test_metric_artifact=ClassificationMetricArtifact(f1_score=0.9778672032193159, precision_score=0.9665871121718377, recall_score=0.989413680781759))
[2025-04-07 12:21:35,160] 43 INFO : Model Training artifact created
